[debug] [2018-05-27T12:25:41.571Z] ----------------------------------------------------------------------
[debug] [2018-05-27T12:25:41.573Z] Command:       G:\Program Files\node\node.exe C:\Users\kobayashi\AppData\Roaming\npm\node_modules\firebase-tools\bin\firebase deploy --only functions
[debug] [2018-05-27T12:25:41.574Z] CLI Version:   3.18.0
[debug] [2018-05-27T12:25:41.574Z] Platform:      win32
[debug] [2018-05-27T12:25:41.574Z] Node Version:  v8.11.1
[debug] [2018-05-27T12:25:41.575Z] Time:          Sun May 27 2018 21:25:41 GMT+0900 (東京 (標準時))
[debug] [2018-05-27T12:25:41.575Z] ----------------------------------------------------------------------
[debug] 
[debug] [2018-05-27T12:25:41.594Z] > command requires scopes: ["email","openid","https://www.googleapis.com/auth/cloudplatformprojects.readonly","https://www.googleapis.com/auth/firebase","https://www.googleapis.com/auth/cloud-platform"]
[debug] [2018-05-27T12:25:41.594Z] > authorizing via signed-in user
[debug] [2018-05-27T12:25:41.597Z] >>> HTTP REQUEST GET https://admin.firebase.com/v1/projects/demoapp-88ee1  
  
 Sun May 27 2018 21:25:41 GMT+0900 (東京 (標準時))
[debug] [2018-05-27T12:25:42.525Z] <<< HTTP RESPONSE 200
[debug] [2018-05-27T12:25:42.526Z] >>> HTTP REQUEST GET https://admin.firebase.com/v1/database/demoapp-88ee1/tokens  
  
 Sun May 27 2018 21:25:42 GMT+0900 (東京 (標準時))
[debug] [2018-05-27T12:25:43.346Z] <<< HTTP RESPONSE 200
[info] 
[info] === Deploying to 'demoapp-88ee1'...
[info] 
[info] i  deploying functions
[debug] [2018-05-27T12:25:44.271Z] > [functions] package.json contents: {
  "name": "functions",
  "description": "Cloud Functions for Firebase",
  "scripts": {
    "serve": "firebase serve --only functions",
    "shell": "firebase experimental:functions:shell",
    "start": "npm run shell",
    "deploy": "firebase deploy --only functions",
    "logs": "firebase functions:log"
  },
  "dependencies": {
    "cors": "^2.8.4",
    "express": "^4.16.3",
    "firebase-admin": "~5.11.0",
    "firebase-functions": "^1.0.0"
  },
  "private": true
}
[info] i  functions: ensuring necessary APIs are enabled...
[debug] [2018-05-27T12:25:44.272Z] >>> HTTP REQUEST GET https://servicemanagement.googleapis.com/v1/services/cloudfunctions.googleapis.com/projectSettings/demoapp-88ee1?view=CONSUMER_VIEW  
  
 Sun May 27 2018 21:25:44 GMT+0900 (東京 (標準時))
[debug] [2018-05-27T12:25:44.273Z] >>> HTTP REQUEST GET https://servicemanagement.googleapis.com/v1/services/runtimeconfig.googleapis.com/projectSettings/demoapp-88ee1?view=CONSUMER_VIEW  
  
 Sun May 27 2018 21:25:44 GMT+0900 (東京 (標準時))
[debug] [2018-05-27T12:25:45.552Z] <<< HTTP RESPONSE 200
[warn] !  functions: missing necessary APIs. Enabling now...
[debug] [2018-05-27T12:25:45.553Z] >>> HTTP REQUEST PATCH https://servicemanagement.googleapis.com/v1/services/cloudfunctions.googleapis.com/projectSettings/demoapp-88ee1?updateMask=usageSettings  
 { usageSettings: { consumerEnableStatus: 'ENABLED' } } 
 Sun May 27 2018 21:25:45 GMT+0900 (東京 (標準時))
[debug] [2018-05-27T12:25:45.578Z] <<< HTTP RESPONSE 200
[debug] [2018-05-27T12:25:47.141Z] <<< HTTP RESPONSE 200
[debug] [2018-05-27T12:25:57.142Z] >>> HTTP REQUEST GET https://servicemanagement.googleapis.com/v1/services/cloudfunctions.googleapis.com/projectSettings/demoapp-88ee1?view=CONSUMER_VIEW  
  
 Sun May 27 2018 21:25:57 GMT+0900 (東京 (標準時))
[debug] [2018-05-27T12:25:58.554Z] <<< HTTP RESPONSE 200
[info] +  functions: all necessary APIs are enabled
[debug] [2018-05-27T12:25:58.556Z] >>> HTTP REQUEST GET https://cloudresourcemanager.googleapis.com/v1/projects/demoapp-88ee1  
  
 Sun May 27 2018 21:25:58 GMT+0900 (東京 (標準時))
[debug] [2018-05-27T12:25:59.455Z] <<< HTTP RESPONSE 200
[debug] [2018-05-27T12:25:59.455Z] >>> HTTP REQUEST GET https://mobilesdk-pa.googleapis.com/v1/projects/518099301207:getServerAppConfig  
  
 Sun May 27 2018 21:25:59 GMT+0900 (東京 (標準時))
[debug] [2018-05-27T12:26:00.240Z] <<< HTTP RESPONSE 200
[info] i  functions: preparing functions directory for uploading...
[info] i  functions: packaged functions (40.77 KB) for uploading
[debug] [2018-05-27T12:26:01.813Z] >>> HTTP REQUEST POST https://cloudfunctions.googleapis.com/v1/projects/demoapp-88ee1/locations/us-central1/functions:generateUploadUrl  
  
 Sun May 27 2018 21:26:01 GMT+0900 (東京 (標準時))
[debug] [2018-05-27T12:26:33.001Z] <<< HTTP RESPONSE 503
[debug] [2018-05-27T12:26:33.001Z] <<< HTTP RESPONSE BODY {
  "error": {
    "code": 503,
    "message": "The service is currently unavailable.",
    "status": "UNAVAILABLE"
  }
}

[debug] [2018-05-27T12:26:33.035Z] TypeError: Cannot create property 'error' on string '{
  "error": {
    "code": 503,
    "message": "The service is currently unavailable.",
    "status": "UNAVAILABLE"
  }
}
'
    at module.exports (C:\Users\kobayashi\AppData\Roaming\npm\node_modules\firebase-tools\lib\responseToError.js:11:16)
    at Request._callback (C:\Users\kobayashi\AppData\Roaming\npm\node_modules\firebase-tools\lib\api.js:45:25)
    at Request.self.callback (C:\Users\kobayashi\AppData\Roaming\npm\node_modules\firebase-tools\node_modules\request\request.js:185:22)
    at emitTwo (events.js:126:13)
    at Request.emit (events.js:214:7)
    at Request.<anonymous> (C:\Users\kobayashi\AppData\Roaming\npm\node_modules\firebase-tools\node_modules\request\request.js:1157:10)
    at emitOne (events.js:116:13)
    at Request.emit (events.js:211:7)
    at IncomingMessage.<anonymous> (C:\Users\kobayashi\AppData\Roaming\npm\node_modules\firebase-tools\node_modules\request\request.js:1079:12)
    at Object.onceWrapper (events.js:313:30)
[error] 
[error] Error: An unexpected error has occurred.
