[debug] [2018-06-03T05:23:43.787Z] ----------------------------------------------------------------------
[debug] [2018-06-03T05:23:43.789Z] Command:       G:\Program Files\node\node.exe C:\Users\kobayashi\AppData\Roaming\npm\node_modules\firebase-tools\bin\firebase serve --only functions
[debug] [2018-06-03T05:23:43.789Z] CLI Version:   3.18.0
[debug] [2018-06-03T05:23:43.789Z] Platform:      win32
[debug] [2018-06-03T05:23:43.789Z] Node Version:  v8.11.1
[debug] [2018-06-03T05:23:43.791Z] Time:          Sun Jun 03 2018 14:23:43 GMT+0900 (東京 (標準時))
[debug] [2018-06-03T05:23:43.791Z] ----------------------------------------------------------------------
[debug] 
[debug] [2018-06-03T05:23:43.848Z] > command requires scopes: ["email","openid","https://www.googleapis.com/auth/cloudplatformprojects.readonly","https://www.googleapis.com/auth/firebase","https://www.googleapis.com/auth/cloud-platform"]
[debug] [2018-06-03T05:23:43.849Z] > authorizing via signed-in user
[debug] [2018-06-03T05:23:43.852Z] > refreshing access token with scopes: ["email","https://www.googleapis.com/auth/cloud-platform","https://www.googleapis.com/auth/cloudplatformprojects.readonly","https://www.googleapis.com/auth/firebase","openid"]
[debug] [2018-06-03T05:23:43.852Z] >>> HTTP REQUEST POST https://www.googleapis.com/oauth2/v3/token  
 { refresh_token: '1/8-Y9BjiPF97lm_maeICtEVusz0Jd5N3NNwHmDpPKkCY',
  client_id: '563584335869-fgrhgmd47bqnekij5i8b5pr03ho849e6.apps.googleusercontent.com',
  client_secret: 'j9iVZfS8kkCEFUPaAeJV0sAi',
  grant_type: 'refresh_token',
  scope: 'email https://www.googleapis.com/auth/cloud-platform https://www.googleapis.com/auth/cloudplatformprojects.readonly https://www.googleapis.com/auth/firebase openid' } 
 Sun Jun 03 2018 14:23:43 GMT+0900 (東京 (標準時))
[debug] [2018-06-03T05:23:44.084Z] <<< HTTP RESPONSE 200
[debug] [2018-06-03T05:23:44.096Z] >>> HTTP REQUEST GET https://admin.firebase.com/v1/projects/demoapp-88ee1  
  
 Sun Jun 03 2018 14:23:44 GMT+0900 (東京 (標準時))
[debug] [2018-06-03T05:23:44.890Z] <<< HTTP RESPONSE 200
[debug] [2018-06-03T05:23:44.891Z] >>> HTTP REQUEST GET https://admin.firebase.com/v1/database/demoapp-88ee1/tokens  
  
 Sun Jun 03 2018 14:23:44 GMT+0900 (東京 (標準時))
[debug] [2018-06-03T05:23:45.476Z] <<< HTTP RESPONSE 200
[debug] [2018-06-03T05:23:45.476Z] >>> HTTP REQUEST GET https://cloudresourcemanager.googleapis.com/v1/projects/demoapp-88ee1  
  
 Sun Jun 03 2018 14:23:45 GMT+0900 (東京 (標準時))
[debug] [2018-06-03T05:23:46.352Z] <<< HTTP RESPONSE 200
[info] 
[info] === Serving from 'G:\workspace-myself\chat\fireBaseChat'...
[info] 
[info] i  functions: Preparing to emulate functions.
[debug] [2018-06-03T05:23:49.630Z] Fetching environment
[debug] [2018-06-03T05:23:49.634Z] >>> HTTP REQUEST GET https://mobilesdk-pa.googleapis.com/v1/projects/518099301207:getServerAppConfig  
  
 Sun Jun 03 2018 14:23:49 GMT+0900 (東京 (標準時))
[debug] [2018-06-03T05:23:50.645Z] <<< HTTP RESPONSE 200
[debug] [2018-06-03T05:23:50.645Z] Starting @google-cloud/functions-emulator
[debug] [2018-06-03T05:23:54.197Z] Parsing function triggers
[info] +  functions: v1: http://localhost:5000/demoapp-88ee1/us-central1/v1
